07-02-2022 02:00:47.698 [main] INFO  --- c.f.s.SuperherocardfileApplication : Starting SuperherocardfileApplication using Java 13.0.8 on DESKTOP-R63SLLV with PID 19196 (I:\test_tasks\superherocardfile\target\classes started by igafr in I:\test_tasks\superherocardfile)
07-02-2022 02:00:47.707 [main] INFO  --- c.f.s.SuperherocardfileApplication : No active profile set, falling back to default profiles: default
07-02-2022 02:00:48.504 [main] INFO  --- o.s.d.r.c.RepositoryConfigurationDelegate : Bootstrapping Spring Data MongoDB repositories in DEFAULT mode.
07-02-2022 02:00:48.585 [main] INFO  --- o.s.d.r.c.RepositoryConfigurationDelegate : Finished Spring Data repository scanning in 72 ms. Found 3 MongoDB repository interfaces.
07-02-2022 02:00:49.416 [main] INFO  --- o.s.b.w.e.tomcat.TomcatWebServer : Tomcat initialized with port(s): 8082 (http)
07-02-2022 02:00:49.424 [main] INFO  --- o.a.coyote.http11.Http11NioProtocol : Initializing ProtocolHandler ["http-nio-8082"]
07-02-2022 02:00:49.425 [main] INFO  --- o.a.catalina.core.StandardService : Starting service [Tomcat]
07-02-2022 02:00:49.425 [main] INFO  --- o.a.catalina.core.StandardEngine : Starting Servlet engine: [Apache Tomcat/9.0.56]
07-02-2022 02:00:49.523 [main] INFO  --- o.a.c.c.C.[Tomcat].[localhost].[/] : Initializing Spring embedded WebApplicationContext
07-02-2022 02:00:49.523 [main] INFO  --- o.s.b.w.s.c.ServletWebServerApplicationContext : Root WebApplicationContext: initialization completed in 1768 ms
07-02-2022 02:00:49.648 [main] INFO  --- org.mongodb.driver.cluster : Cluster created with settings {hosts=[localhost:27017], mode=SINGLE, requiredClusterType=UNKNOWN, serverSelectionTimeout='30000 ms'}
07-02-2022 02:00:49.717 [cluster-rtt-ClusterId{value='62001ae1db76aa2707478ef7', description='null'}-localhost:27017] INFO  --- org.mongodb.driver.connection : Opened connection [connectionId{localValue:2, serverValue:20}] to localhost:27017
07-02-2022 02:00:49.717 [cluster-ClusterId{value='62001ae1db76aa2707478ef7', description='null'}-localhost:27017] INFO  --- org.mongodb.driver.connection : Opened connection [connectionId{localValue:1, serverValue:19}] to localhost:27017
07-02-2022 02:00:49.719 [cluster-ClusterId{value='62001ae1db76aa2707478ef7', description='null'}-localhost:27017] INFO  --- org.mongodb.driver.cluster : Monitor thread successfully connected to server with description ServerDescription{address=localhost:27017, type=STANDALONE, state=CONNECTED, ok=true, minWireVersion=0, maxWireVersion=13, maxDocumentSize=16777216, logicalSessionTimeoutMinutes=30, roundTripTimeNanos=23960600}
07-02-2022 02:00:50.846 [main] INFO  --- o.a.coyote.http11.Http11NioProtocol : Starting ProtocolHandler ["http-nio-8082"]
07-02-2022 02:00:51.254 [main] INFO  --- o.s.b.w.e.tomcat.TomcatWebServer : Tomcat started on port(s): 8082 (http) with context path ''
07-02-2022 02:00:51.262 [main] INFO  --- c.f.s.SuperherocardfileApplication : Started SuperherocardfileApplication in 3.956 seconds (JVM running for 4.501)
07-02-2022 02:01:54.891 [main] INFO  --- c.f.s.SuperherocardfileApplication : Starting SuperherocardfileApplication using Java 13.0.8 on DESKTOP-R63SLLV with PID 20972 (I:\test_tasks\superherocardfile\target\classes started by igafr in I:\test_tasks\superherocardfile)
07-02-2022 02:01:54.893 [main] INFO  --- c.f.s.SuperherocardfileApplication : No active profile set, falling back to default profiles: default
07-02-2022 02:01:55.675 [main] INFO  --- o.s.d.r.c.RepositoryConfigurationDelegate : Bootstrapping Spring Data MongoDB repositories in DEFAULT mode.
07-02-2022 02:01:55.763 [main] INFO  --- o.s.d.r.c.RepositoryConfigurationDelegate : Finished Spring Data repository scanning in 80 ms. Found 3 MongoDB repository interfaces.
07-02-2022 02:01:56.658 [main] INFO  --- o.s.b.w.e.tomcat.TomcatWebServer : Tomcat initialized with port(s): 8082 (http)
07-02-2022 02:01:56.667 [main] INFO  --- o.a.coyote.http11.Http11NioProtocol : Initializing ProtocolHandler ["http-nio-8082"]
07-02-2022 02:01:56.667 [main] INFO  --- o.a.catalina.core.StandardService : Starting service [Tomcat]
07-02-2022 02:01:56.667 [main] INFO  --- o.a.catalina.core.StandardEngine : Starting Servlet engine: [Apache Tomcat/9.0.56]
07-02-2022 02:01:56.751 [main] INFO  --- o.a.c.c.C.[Tomcat].[localhost].[/] : Initializing Spring embedded WebApplicationContext
07-02-2022 02:01:56.752 [main] INFO  --- o.s.b.w.s.c.ServletWebServerApplicationContext : Root WebApplicationContext: initialization completed in 1812 ms
07-02-2022 02:01:56.870 [main] INFO  --- org.mongodb.driver.cluster : Cluster created with settings {hosts=[localhost:27017], mode=SINGLE, requiredClusterType=UNKNOWN, serverSelectionTimeout='30000 ms'}
07-02-2022 02:01:56.934 [cluster-ClusterId{value='62001b24febafe4ccf28331b', description='null'}-localhost:27017] INFO  --- org.mongodb.driver.connection : Opened connection [connectionId{localValue:1, serverValue:22}] to localhost:27017
07-02-2022 02:01:56.934 [cluster-rtt-ClusterId{value='62001b24febafe4ccf28331b', description='null'}-localhost:27017] INFO  --- org.mongodb.driver.connection : Opened connection [connectionId{localValue:2, serverValue:21}] to localhost:27017
07-02-2022 02:01:56.937 [cluster-ClusterId{value='62001b24febafe4ccf28331b', description='null'}-localhost:27017] INFO  --- org.mongodb.driver.cluster : Monitor thread successfully connected to server with description ServerDescription{address=localhost:27017, type=STANDALONE, state=CONNECTED, ok=true, minWireVersion=0, maxWireVersion=13, maxDocumentSize=16777216, logicalSessionTimeoutMinutes=30, roundTripTimeNanos=23570700}
07-02-2022 02:01:58.157 [main] INFO  --- o.a.coyote.http11.Http11NioProtocol : Starting ProtocolHandler ["http-nio-8082"]
07-02-2022 02:01:58.571 [main] INFO  --- o.s.b.w.e.tomcat.TomcatWebServer : Tomcat started on port(s): 8082 (http) with context path ''
07-02-2022 02:01:58.578 [main] INFO  --- c.f.s.SuperherocardfileApplication : Started SuperherocardfileApplication in 4.052 seconds (JVM running for 4.592)
